<?xml version="1.0" encoding="UTF-8"?>
<testsuite name="org.zerock.ex2.repository.MemoRepositoryTests" tests="1" skipped="0" failures="0" errors="0" timestamp="2024-03-27T03:44:56" hostname="DESKTOP-HRJ0EAF" time="0.536">
  <properties/>
  <testcase name="testSort()" classname="org.zerock.ex2.repository.MemoRepositoryTests" time="0.536"/>
  <system-out><![CDATA[12:44:53.475 [Test worker] INFO org.springframework.test.context.support.AnnotationConfigContextLoaderUtils -- Could not detect default configuration classes for test class [org.zerock.ex2.repository.MemoRepositoryTests]: MemoRepositoryTests does not declare any static, non-private, non-final, nested classes annotated with @Configuration.
12:44:53.561 [Test worker] INFO org.springframework.boot.test.context.SpringBootTestContextBootstrapper -- Found @SpringBootConfiguration org.zerock.ex2.Ex2Application for test class org.zerock.ex2.repository.MemoRepositoryTests

  .   ____          _            __ _ _
 /\\ / ___'_ __ _ _(_)_ __  __ _ \ \ \ \
( ( )\___ | '_ | '_| | '_ \/ _` | \ \ \ \
 \\/  ___)| |_)| | | | | || (_| |  ) ) ) )
  '  |____| .__|_| |_|_| |_\__, | / / / /
 =========|_|==============|___/=/_/_/_/
 :: Spring Boot ::                (v3.2.4)

2024-03-27T12:44:53.848+09:00  INFO 15268 --- [ex2] [    Test worker] o.z.ex2.repository.MemoRepositoryTests   : Starting MemoRepositoryTests using Java 17.0.9 with PID 15268 (started by mit in C:\Users\mit\IdeaProjects\ex2)
2024-03-27T12:44:53.849+09:00  INFO 15268 --- [ex2] [    Test worker] o.z.ex2.repository.MemoRepositoryTests   : No active profile set, falling back to 1 default profile: "default"
2024-03-27T12:44:54.312+09:00  INFO 15268 --- [ex2] [    Test worker] .s.d.r.c.RepositoryConfigurationDelegate : Bootstrapping Spring Data JPA repositories in DEFAULT mode.
2024-03-27T12:44:54.357+09:00  INFO 15268 --- [ex2] [    Test worker] .s.d.r.c.RepositoryConfigurationDelegate : Finished Spring Data repository scanning in 37 ms. Found 1 JPA repository interface.
2024-03-27T12:44:54.686+09:00  INFO 15268 --- [ex2] [    Test worker] o.hibernate.jpa.internal.util.LogHelper  : HHH000204: Processing PersistenceUnitInfo [name: default]
2024-03-27T12:44:54.736+09:00  INFO 15268 --- [ex2] [    Test worker] org.hibernate.Version                    : HHH000412: Hibernate ORM core version 6.4.4.Final
2024-03-27T12:44:54.768+09:00  INFO 15268 --- [ex2] [    Test worker] o.h.c.internal.RegionFactoryInitiator    : HHH000026: Second-level cache disabled
2024-03-27T12:44:54.969+09:00  INFO 15268 --- [ex2] [    Test worker] o.s.o.j.p.SpringPersistenceUnitInfo      : No LoadTimeWeaver setup: ignoring JPA class transformer
2024-03-27T12:44:54.993+09:00  INFO 15268 --- [ex2] [    Test worker] com.zaxxer.hikari.HikariDataSource       : HikariPool-1 - Starting...
2024-03-27T12:44:55.069+09:00  INFO 15268 --- [ex2] [    Test worker] com.zaxxer.hikari.pool.HikariPool        : HikariPool-1 - Added connection org.mariadb.jdbc.Connection@2321e482
2024-03-27T12:44:55.071+09:00  INFO 15268 --- [ex2] [    Test worker] com.zaxxer.hikari.HikariDataSource       : HikariPool-1 - Start completed.
2024-03-27T12:44:55.730+09:00  INFO 15268 --- [ex2] [    Test worker] o.h.e.t.j.p.i.JtaPlatformInitiator       : HHH000489: No JTA platform available (set 'hibernate.transaction.jta.platform' to enable JTA platform integration)
2024-03-27T12:44:55.768+09:00  INFO 15268 --- [ex2] [    Test worker] j.LocalContainerEntityManagerFactoryBean : Initialized JPA EntityManagerFactory for persistence unit 'default'
2024-03-27T12:44:55.877+09:00  WARN 15268 --- [ex2] [    Test worker] JpaBaseConfiguration$JpaWebConfiguration : spring.jpa.open-in-view is enabled by default. Therefore, database queries may be performed during view rendering. Explicitly configure spring.jpa.open-in-view to disable this warning
2024-03-27T12:44:56.342+09:00  INFO 15268 --- [ex2] [    Test worker] o.z.ex2.repository.MemoRepositoryTests   : Started MemoRepositoryTests in 2.656 seconds (process running for 3.559)
Hibernate: 
    select
        m1_0.mno,
        m1_0.memo_text 
    from
        tbl_memo m1_0 
    order by
        m1_0.mno desc 
    limit
        ?, ?
Hibernate: 
    select
        count(m1_0.mno) 
    from
        tbl_memo m1_0
Memo(mno=99, memoText=Sample...99)
Memo(mno=98, memoText=Sample...98)
Memo(mno=97, memoText=Sample...97)
Memo(mno=96, memoText=Sample...96)
Memo(mno=95, memoText=Sample...95)
Memo(mno=94, memoText=Sample...94)
Memo(mno=93, memoText=Sample...93)
Memo(mno=92, memoText=Sample...92)
Memo(mno=91, memoText=Sample...91)
Memo(mno=90, memoText=Sample...90)
]]></system-out>
  <system-err><![CDATA[]]></system-err>
</testsuite>
