<?xml version="1.0" encoding="UTF-8"?>
<testsuite name="org.zerock.ex1.Ex1ApplicationTests" tests="1" skipped="0" failures="0" errors="0" timestamp="2024-03-27T00:09:04" hostname="DESKTOP-HRJ0EAF" time="0.608">
  <properties/>
  <testcase name="contextLoads()" classname="org.zerock.ex1.Ex1ApplicationTests" time="0.608"/>
  <system-out><![CDATA[09:09:03.573 [Test worker] INFO org.springframework.test.context.support.AnnotationConfigContextLoaderUtils -- Could not detect default configuration classes for test class [org.zerock.ex1.Ex1ApplicationTests]: Ex1ApplicationTests does not declare any static, non-private, non-final, nested classes annotated with @Configuration.
09:09:03.664 [Test worker] INFO org.springframework.boot.test.context.SpringBootTestContextBootstrapper -- Found @SpringBootConfiguration org.zerock.ex1.Ex1Application for test class org.zerock.ex1.Ex1ApplicationTests

  .   ____          _            __ _ _
 /\\ / ___'_ __ _ _(_)_ __  __ _ \ \ \ \
( ( )\___ | '_ | '_| | '_ \/ _` | \ \ \ \
 \\/  ___)| |_)| | | | | || (_| |  ) ) ) )
  '  |____| .__|_| |_|_| |_\__, | / / / /
 =========|_|==============|___/=/_/_/_/
 :: Spring Boot ::                (v3.2.4)

2024-03-27T09:09:03.995+09:00  INFO 11868 --- [ex1] [    Test worker] org.zerock.ex1.Ex1ApplicationTests       : Starting Ex1ApplicationTests using Java 17.0.9 with PID 11868 (started by mit in C:\Users\mit\IdeaProjects\ex1)
2024-03-27T09:09:03.996+09:00  INFO 11868 --- [ex1] [    Test worker] org.zerock.ex1.Ex1ApplicationTests       : No active profile set, falling back to 1 default profile: "default"
2024-03-27T09:09:04.885+09:00  INFO 11868 --- [ex1] [    Test worker] org.zerock.ex1.Ex1ApplicationTests       : Started Ex1ApplicationTests in 1.076 seconds (process running for 2.003)
]]></system-out>
  <system-err><![CDATA[]]></system-err>
</testsuite>
